#
# There is insufficient memory for the Java Runtime Environment to continue.
# Native memory allocation (mmap) failed to map 109051904 bytes for Failed to commit area from 0x0000000620c00000 to 0x0000000627400000 of length 109051904.
# Possible reasons:
#   The system is out of physical RAM or swap space
#   The process is running with CompressedOops enabled, and the Java Heap may be blocking the growth of the native heap
# Possible solutions:
#   Reduce memory load on the system
#   Increase physical memory or swap space
#   Check if swap backing store is full
#   Decrease Java heap size (-Xmx/-Xms)
#   Decrease number of Java threads
#   Decrease Java thread stack sizes (-Xss)
#   Set larger code cache with -XX:ReservedCodeCacheSize=
#   JVM is running with Zero Based Compressed Oops mode in which the Java heap is
#     placed in the first 32GB address space. The Java Heap base address is the
#     maximum limit for the native heap growth. Please use -XX:HeapBaseMinAddress
#     to set the Java Heap base and to place the Java Heap above 32GB virtual address.
# This output file may be truncated or incomplete.
#
#  Out of Memory Error (./src/hotspot/os/windows/os_windows.cpp:3619), pid=30332, tid=2172
#
# JRE version: OpenJDK Runtime Environment (11.0.13) (build 11.0.13+0-b1751.21-8125866)
# Java VM: OpenJDK 64-Bit Server VM (11.0.13+0-b1751.21-8125866, mixed mode, tiered, compressed oops, g1 gc, windows-amd64)
# No core dump will be written. Minidumps are not enabled by default on client versions of Windows
#

---------------  S U M M A R Y ------------

Command Line: org.jetbrains.kotlin.cli.jvm.K2JVMCompiler @D:\Projects\AndroidStudioProjects\SlideShow\app\build\20230410_11601576668959673132.compiler.options

Host: AMD Ryzen 5 3400G with Radeon Vega Graphics    , 8 cores, 31G,  Windows 10 , 64 bit Build 19041 (10.0.19041.2546)
Time: Mon Apr 10 17:59:53 2023 Финляндия (лето) elapsed time: 6.618357 seconds (0d 0h 0m 6s)

---------------  T H R E A D  ---------------

Current thread (0x000002b2ef0fd000):  VMThread "VM Thread" [stack: 0x000000dd40600000,0x000000dd40700000] [id=2172]

Stack: [0x000000dd40600000,0x000000dd40700000]
[error occurred during error reporting (printing stack bounds), id 0xc0000005, EXCEPTION_ACCESS_VIOLATION (0xc0000005) at pc=0x000002b2c999112d]

Native frames: (J=compiled Java code, j=interpreted, Vv=VM code, C=native code)
V  [jvm.dll+0x6100fa]
V  [jvm.dll+0x747090]
V  [jvm.dll+0x7486ad]
V  [jvm.dll+0x748ce5]
V  [jvm.dll+0x748c9b]
V  [jvm.dll+0x60f224]
V  [jvm.dll+0x60f9b8]
C  [ntdll.dll+0xa241f]
C  [ntdll.dll+0x514a4]
C  [ntdll.dll+0xa0f4e]
C  0x000002b2c999112d

VM_Operation (0x000000dd400fb6d0): G1CollectForAllocation, mode: safepoint, requested by thread 0x000002b2c5e6b000


---------------  P R O C E S S  ---------------

Threads class SMR info:
_java_thread_list=0x000002b2f3b6fb10, length=12, elements={
0x000002b2c5e6b000, 0x000002b2ef0ff000, 0x000002b2ef120800, 0x000002b2ef183800,
0x000002b2ef184800, 0x000002b2ef186000, 0x000002b2ef193000, 0x000002b2ef19e000,
0x000002b2ef1b4800, 0x000002b2ef305000, 0x000002b2ef19d800, 0x000002b2ef1a0800
}

Java Threads: ( => current thread )
  0x000002b2c5e6b000 JavaThread "main" [_thread_blocked, id=1892, stack(0x000000dd40000000,0x000000dd40100000)]
  0x000002b2ef0ff000 JavaThread "Reference Handler" daemon [_thread_blocked, id=24932, stack(0x000000dd40700000,0x000000dd40800000)]
  0x000002b2ef120800 JavaThread "Finalizer" daemon [_thread_blocked, id=22608, stack(0x000000dd40800000,0x000000dd40900000)]
  0x000002b2ef183800 JavaThread "Signal Dispatcher" daemon [_thread_blocked, id=16000, stack(0x000000dd40900000,0x000000dd40a00000)]
  0x000002b2ef184800 JavaThread "Attach Listener" daemon [_thread_blocked, id=1680, stack(0x000000dd40a00000,0x000000dd40b00000)]
  0x000002b2ef186000 JavaThread "Service Thread" daemon [_thread_blocked, id=19716, stack(0x000000dd40b00000,0x000000dd40c00000)]
  0x000002b2ef193000 JavaThread "C2 CompilerThread0" daemon [_thread_blocked, id=31036, stack(0x000000dd40c00000,0x000000dd40d00000)]
  0x000002b2ef19e000 JavaThread "C1 CompilerThread0" daemon [_thread_blocked, id=16660, stack(0x000000dd40d00000,0x000000dd40e00000)]
  0x000002b2ef1b4800 JavaThread "Sweeper thread" daemon [_thread_blocked, id=18324, stack(0x000000dd40e00000,0x000000dd40f00000)]
  0x000002b2ef305000 JavaThread "Common-Cleaner" daemon [_thread_blocked, id=29476, stack(0x000000dd41000000,0x000000dd41100000)]
  0x000002b2ef19d800 JavaThread "C2 CompilerThread1" daemon [_thread_blocked, id=8524, stack(0x000000dd41100000,0x000000dd41200000)]
  0x000002b2ef1a0800 JavaThread "C2 CompilerThread2" daemon [_thread_blocked, id=33456, stack(0x000000dd41200000,0x000000dd41300000)]

Other Threads:
=>0x000002b2ef0fd000 VMThread "VM Thread" [stack: 0x000000dd40600000,0x000000dd40700000] [id=2172]
  0x000002b2ef2fe800 WatcherThread [stack: 0x000000dd40f00000,0x000000dd41000000] [id=29288]
  0x000002b2c5e83000 GCTaskThread "GC Thread#0" [stack: 0x000000dd40100000,0x000000dd40200000] [id=34172]
  0x000002b2efae6800 GCTaskThread "GC Thread#1" [stack: 0x000000dd41300000,0x000000dd41400000] [id=23492]
  0x000002b2efaee800 GCTaskThread "GC Thread#2" [stack: 0x000000dd41400000,0x000000dd41500000] [id=4888]
  0x000002b2efaf3800 GCTaskThread "GC Thread#3" [stack: 0x000000dd41500000,0x000000dd41600000] [id=32324]
  0x000002b2efaf4800 GCTaskThread "GC Thread#4" [stack: 0x000000dd41600000,0x000000dd41700000] [id=11880]
  0x000002b2efaf5000 GCTaskThread "GC Thread#5" [stack: 0x000000dd41700000,0x000000dd41800000] [id=8072]
  0x000002b2efaf6000 GCTaskThread "GC Thread#6" [stack: 0x000000dd41800000,0x000000dd41900000] [id=16764]
  0x000002b2efaf6800 GCTaskThread "GC Thread#7" [stack: 0x000000dd41900000,0x000000dd41a00000] [id=18360]
  0x000002b2c5f02000 ConcurrentGCThread "G1 Main Marker" [stack: 0x000000dd40200000,0x000000dd40300000] [id=22776]
  0x000002b2c5f03800 ConcurrentGCThread "G1 Conc#0" [stack: 0x000000dd40300000,0x000000dd40400000] [id=28168]
  0x000002b2f0710800 ConcurrentGCThread "G1 Conc#1" [stack: 0x000000dd41a00000,0x000000dd41b00000] [id=21480]
  0x000002b2ee75e000 ConcurrentGCThread "G1 Refine#0" [stack: 0x000000dd40400000,0x000000dd40500000] [id=34504]
  0x000002b2f2295800 ConcurrentGCThread "G1 Refine#1" [stack: 0x000000dd41b00000,0x000000dd41c00000] [id=34552]
  0x000002b2f28fc000 ConcurrentGCThread "G1 Refine#2" [stack: 0x000000dd41c00000,0x000000dd41d00000] [id=34608]
  0x000002b2f234a000 ConcurrentGCThread "G1 Refine#3" [stack: 0x000000dd41d00000,0x000000dd41e00000] [id=15720]
  0x000002b2ee75f800 ConcurrentGCThread "G1 Young RemSet Sampling" [stack: 0x000000dd40500000,0x000000dd40600000] [id=27348]

Threads with active compile tasks:
C2 CompilerThread0   6805 5273       4       org.jetbrains.org.objectweb.asm.Type::getArgumentTypes (154 bytes)
C2 CompilerThread1   6805 5325       4       org.jetbrains.kotlin.types.KotlinType::equals (56 bytes)

VM state:at safepoint (normal execution)

VM Mutex/Monitor currently owned by a thread:  ([mutex/lock_event])
[0x000002b2c5e66e90] Threads_lock - owner thread: 0x000002b2ef0fd000
[0x000002b2c5e67c10] Heap_lock - owner thread: 0x000002b2c5e6b000

Heap address: 0x0000000600c00000, size: 8180 MB, Compressed Oops mode: Zero based, Oop shift amount: 3
Narrow klass base: 0x0000000800000000, Narrow klass shift: 0
Compressed class space size: 1073741824 Address: 0x0000000800000000

Heap:
 garbage-first heap   total 630784K, used 39676K [0x0000000600c00000, 0x0000000800000000)
  region size 2048K, 8 young (16384K), 8 survivors (16384K)
 Metaspace       used 57207K, capacity 57888K, committed 58112K, reserved 1099776K
  class space    used 6568K, capacity 6848K, committed 6912K, reserved 1048576K
Heap Regions: E=young(eden), S=young(survivor), O=old, HS=humongous(starts), HC=humongous(continues), CS=collection set, F=free, A=archive, TAMS=top-at-mark-start (previous, next)
|   0|0x0000000600c00000, 0x0000000600e00000, 0x0000000600e00000|100%|HS|  |TAMS 0x0000000600e00000, 0x0000000600c00000| Complete 
|   1|0x0000000600e00000, 0x0000000601000000, 0x0000000601000000|100%|HC|  |TAMS 0x0000000601000000, 0x0000000600e00000| Complete 
|   2|0x0000000601000000, 0x0000000601200000, 0x0000000601200000|100%| O|  |TAMS 0x0000000601200000, 0x0000000601000000| Untracked 
|   3|0x0000000601200000, 0x0000000601400000, 0x0000000601400000|100%|HS|  |TAMS 0x0000000601400000, 0x0000000601200000| Complete 
|   4|0x0000000601400000, 0x0000000601600000, 0x0000000601600000|100%|HC|  |TAMS 0x0000000601600000, 0x0000000601400000| Complete 
|   5|0x0000000601600000, 0x0000000601800000, 0x0000000601800000|100%|HS|  |TAMS 0x0000000601600000, 0x0000000601600000| Complete 
|   6|0x0000000601800000, 0x0000000601a00000, 0x0000000601a00000|100%| O|  |TAMS 0x0000000601a00000, 0x0000000601800000| Untracked 
|   7|0x0000000601a00000, 0x0000000601c00000, 0x0000000601c00000|100%| O|  |TAMS 0x0000000601b13e00, 0x0000000601a00000| Untracked 
|   8|0x0000000601c00000, 0x0000000601e00000, 0x0000000601e00000|100%| O|  |TAMS 0x0000000601c00000, 0x0000000601c00000| Untracked 
|   9|0x0000000601e00000, 0x0000000602000000, 0x0000000602000000|100%| O|  |TAMS 0x0000000601e00000, 0x0000000601e00000| Untracked 
|  10|0x0000000602000000, 0x0000000602200000, 0x0000000602200000|100%| O|  |TAMS 0x0000000602000000, 0x0000000602000000| Untracked 
|  11|0x0000000602200000, 0x00000006022cda00, 0x0000000602400000| 40%| O|  |TAMS 0x0000000602200000, 0x0000000602200000| Untracked 
|  12|0x0000000602400000, 0x0000000602400000, 0x0000000602600000|  0%| F|  |TAMS 0x0000000602400000, 0x0000000602400000| Untracked 
|  13|0x0000000602600000, 0x0000000602600000, 0x0000000602800000|  0%| F|  |TAMS 0x0000000602600000, 0x0000000602600000| Untracked 
|  14|0x0000000602800000, 0x0000000602800000, 0x0000000602a00000|  0%| F|  |TAMS 0x0000000602800000, 0x0000000602800000| Untracked 
|  15|0x0000000602a00000, 0x0000000602a00000, 0x0000000602c00000|  0%| F|  |TAMS 0x0000000602a00000, 0x0000000602a00000| Untracked 
|  16|0x0000000602c00000, 0x0000000602c00000, 0x0000000602e00000|  0%| F|  |TAMS 0x0000000602c00000, 0x0000000602c00000| Untracked 
|  17|0x0000000602e00000, 0x0000000602e00000, 0x0000000603000000|  0%| F|  |TAMS 0x0000000602e00000, 0x0000000602e00000| Untracked 
|  18|0x0000000603000000, 0x0000000603000000, 0x0000000603200000|  0%| F|  |TAMS 0x0000000603000000, 0x0000000603000000| Untracked 
|  19|0x0000000603200000, 0x0000000603200000, 0x0000000603400000|  0%| F|  |TAMS 0x0000000603200000, 0x0000000603200000| Untracked 
|  20|0x0000000603400000, 0x0000000603400000, 0x0000000603600000|  0%| F|  |TAMS 0x0000000603400000, 0x0000000603400000| Untracked 
|  21|0x0000000603600000, 0x0000000603600000, 0x0000000603800000|  0%| F|  |TAMS 0x0000000603600000, 0x0000000603600000| Untracked 
|  22|0x0000000603800000, 0x0000000603800000, 0x0000000603a00000|  0%| F|  |TAMS 0x0000000603800000, 0x0000000603800000| Untracked 
|  23|0x0000000603a00000, 0x0000000603a00000, 0x0000000603c00000|  0%| F|  |TAMS 0x0000000603a00000, 0x0000000603a00000| Untracked 
|  24|0x0000000603c00000, 0x0000000603c00000, 0x0000000603e00000|  0%| F|  |TAMS 0x0000000603c00000, 0x0000000603c00000| Untracked 
|  25|0x0000000603e00000, 0x0000000603e00000, 0x0000000604000000|  0%| F|  |TAMS 0x0000000603e00000, 0x0000000603e00000| Untracked 
|  26|0x0000000604000000, 0x0000000604000000, 0x0000000604200000|  0%| F|  |TAMS 0x0000000604000000, 0x0000000604000000| Untracked 
|  27|0x0000000604200000, 0x0000000604200000, 0x0000000604400000|  0%| F|  |TAMS 0x0000000604200000, 0x0000000604200000| Untracked 
|  28|0x0000000604400000, 0x0000000604400000, 0x0000000604600000|  0%| F|  |TAMS 0x0000000604400000, 0x0000000604400000| Untracked 
|  29|0x0000000604600000, 0x0000000604600000, 0x0000000604800000|  0%| F|  |TAMS 0x0000000604600000, 0x0000000604600000| Untracked 
|  30|0x0000000604800000, 0x0000000604800000, 0x0000000604a00000|  0%| F|  |TAMS 0x0000000604800000, 0x0000000604800000| Untracked 
|  31|0x0000000604a00000, 0x0000000604a00000, 0x0000000604c00000|  0%| F|  |TAMS 0x0000000604a00000, 0x0000000604a00000| Untracked 
|  32|0x0000000604c00000, 0x0000000604c00000, 0x0000000604e00000|  0%| F|  |TAMS 0x0000000604c00000, 0x0000000604c00000| Untracked 
|  33|0x0000000604e00000, 0x0000000604e00000, 0x0000000605000000|  0%| F|  |TAMS 0x0000000604e00000, 0x0000000604e00000| Untracked 
|  34|0x0000000605000000, 0x0000000605000000, 0x0000000605200000|  0%| F|  |TAMS 0x0000000605000000, 0x0000000605000000| Untracked 
|  35|0x0000000605200000, 0x0000000605200000, 0x0000000605400000|  0%| F|  |TAMS 0x0000000605200000, 0x0000000605200000| Untracked 
|  36|0x0000000605400000, 0x0000000605400000, 0x0000000605600000|  0%| F|  |TAMS 0x0000000605400000, 0x0000000605400000| Untracked 
|  37|0x0000000605600000, 0x0000000605600000, 0x0000000605800000|  0%| F|  |TAMS 0x0000000605600000, 0x0000000605600000| Untracked 
|  38|0x0000000605800000, 0x0000000605800000, 0x0000000605a00000|  0%| F|  |TAMS 0x0000000605800000, 0x0000000605800000| Untracked 
|  39|0x0000000605a00000, 0x0000000605a00000, 0x0000000605c00000|  0%| F|  |TAMS 0x0000000605a00000, 0x0000000605a00000| Untracked 
|  40|0x0000000605c00000, 0x0000000605c00000, 0x0000000605e00000|  0%| F|  |TAMS 0x0000000605c00000, 0x0000000605c00000| Untracked 
|  41|0x0000000605e00000, 0x0000000605e00000, 0x0000000606000000|  0%| F|  |TAMS 0x0000000605e00000, 0x0000000605e00000| Untracked 
|  42|0x0000000606000000, 0x0000000606000000, 0x0000000606200000|  0%| F|  |TAMS 0x0000000606000000, 0x0000000606000000| Untracked 
|  43|0x0000000606200000, 0x0000000606200000, 0x0000000606400000|  0%| F|  |TAMS 0x0000000606200000, 0x0000000606200000| Untracked 
|  44|0x0000000606400000, 0x0000000606400000, 0x0000000606600000|  0%| F|  |TAMS 0x0000000606400000, 0x0000000606400000| Untracked 
|  45|0x0000000606600000, 0x0000000606600000, 0x0000000606800000|  0%| F|  |TAMS 0x0000000606600000, 0x0000000606600000| Untracked 
|  46|0x0000000606800000, 0x0000000606800000, 0x0000000606a00000|  0%| F|  |TAMS 0x0000000606800000, 0x0000000606800000| Untracked 
|  47|0x0000000606a00000, 0x0000000606a00000, 0x0000000606c00000|  0%| F|  |TAMS 0x0000000606a00000, 0x0000000606a00000| Untracked 
|  48|0x0000000606c00000, 0x0000000606c00000, 0x0000000606e00000|  0%| F|  |TAMS 0x0000000606c00000, 0x0000000606c00000| Untracked 
|  49|0x0000000606e00000, 0x0000000606e00000, 0x0000000607000000|  0%| F|  |TAMS 0x0000000606e00000, 0x0000000606e00000| Untracked 
|  50|0x0000000607000000, 0x0000000607000000, 0x0000000607200000|  0%| F|  |TAMS 0x0000000607000000, 0x0000000607000000| Untracked 
|  51|0x0000000607200000, 0x0000000607200000, 0x0000000607400000|  0%| F|  |TAMS 0x0000000607200000, 0x0000000607200000| Untracked 
|  52|0x0000000607400000, 0x0000000607400000, 0x0000000607600000|  0%| F|  |TAMS 0x0000000607400000, 0x0000000607400000| Untracked 
|  53|0x0000000607600000, 0x0000000607600000, 0x0000000607800000|  0%| F|  |TAMS 0x0000000607600000, 0x0000000607600000| Untracked 
|  54|0x0000000607800000, 0x0000000607800000, 0x0000000607a00000|  0%| F|  |TAMS 0x0000000607800000, 0x0000000607800000| Untracked 
|  55|0x0000000607a00000, 0x0000000607a00000, 0x0000000607c00000|  0%| F|  |TAMS 0x0000000607a00000, 0x0000000607a00000| Untracked 
|  56|0x0000000607c00000, 0x0000000607c00000, 0x0000000607e00000|  0%| F|  |TAMS 0x0000000607c00000, 0x0000000607c00000| Untracked 
|  57|0x0000000607e00000, 0x0000000607e00000, 0x0000000608000000|  0%| F|  |TAMS 0x0000000607e00000, 0x0000000607e00000| Untracked 
|  58|0x0000000608000000, 0x0000000608000000, 0x0000000608200000|  0%| F|  |TAMS 0x0000000608000000, 0x0000000608000000| Untracked 
|  59|0x0000000608200000, 0x0000000608200000, 0x0000000608400000|  0%| F|  |TAMS 0x0000000608200000, 0x0000000608200000| Untracked 
|  60|0x0000000608400000, 0x0000000608400000, 0x0000000608600000|  0%| F|  |TAMS 0x0000000608400000, 0x0000000608400000| Untracked 
|  61|0x0000000608600000, 0x0000000608600000, 0x0000000608800000|  0%| F|  |TAMS 0x0000000608600000, 0x0000000608600000| Untracked 
|  62|0x0000000608800000, 0x0000000608800000, 0x0000000608a00000|  0%| F|  |TAMS 0x0000000608800000, 0x0000000608800000| Untracked 
|  63|0x0000000608a00000, 0x0000000608a00000, 0x0000000608c00000|  0%| F|  |TAMS 0x0000000608a00000, 0x0000000608a00000| Untracked 
|  64|0x0000000608c00000, 0x0000000608c00000, 0x0000000608e00000|  0%| F|  |TAMS 0x0000000608c00000, 0x0000000608c00000| Untracked 
|  65|0x0000000608e00000, 0x0000000608e00000, 0x0000000609000000|  0%| F|  |TAMS 0x0000000608e00000, 0x0000000608e00000| Untracked 
|  66|0x0000000609000000, 0x0000000609000000, 0x0000000609200000|  0%| F|  |TAMS 0x0000000609000000, 0x0000000609000000| Untracked 
|  67|0x0000000609200000, 0x0000000609200000, 0x0000000609400000|  0%| F|  |TAMS 0x0000000609200000, 0x0000000609200000| Untracked 
|  68|0x0000000609400000, 0x0000000609400000, 0x0000000609600000|  0%| F|  |TAMS 0x0000000609400000, 0x0000000609400000| Untracked 
|  69|0x0000000609600000, 0x0000000609600000, 0x0000000609800000|  0%| F|  |TAMS 0x0000000609600000, 0x0000000609600000| Untracked 
|  70|0x0000000609800000, 0x0000000609800000, 0x0000000609a00000|  0%| F|  |TAMS 0x0000000609800000, 0x0000000609800000| Untracked 
|  71|0x0000000609a00000, 0x0000000609a00000, 0x0000000609c00000|  0%| F|  |TAMS 0x0000000609a00000, 0x0000000609a00000| Untracked 
|  72|0x0000000609c00000, 0x0000000609c00000, 0x0000000609e00000|  0%| F|  |TAMS 0x0000000609c00000, 0x0000000609c00000| Untracked 
|  73|0x0000000609e00000, 0x0000000609e00000, 0x000000060a000000|  0%| F|  |TAMS 0x0000000609e00000, 0x0000000609e00000| Untracked 
|  74|0x000000060a000000, 0x000000060a000000, 0x000000060a200000|  0%| F|  |TAMS 0x000000060a000000, 0x000000060a000000| Untracked 
|  75|0x000000060a200000, 0x000000060a200000, 0x000000060a400000|  0%| F|  |TAMS 0x000000060a200000, 0x000000060a200000| Untracked 
|  76|0x000000060a400000, 0x000000060a400000, 0x000000060a600000|  0%| F|  |TAMS 0x000000060a400000, 0x000000060a400000| Untracked 
|  77|0x000000060a600000, 0x000000060a600000, 0x000000060a800000|  0%| F|  |TAMS 0x000000060a600000, 0x000000060a600000| Untracked 
|  78|0x000000060a800000, 0x000000060a800000, 0x000000060aa00000|  0%| F|  |TAMS 0x000000060a800000, 0x000000060a800000| Untracked 
|  79|0x000000060aa00000, 0x000000060aa00000, 0x000000060ac00000|  0%| F|  |TAMS 0x000000060aa00000, 0x000000060aa00000| Untracked 
|  80|0x000000060ac00000, 0x000000060ac00000, 0x000000060ae00000|  0%| F|  |TAMS 0x000000060ac00000, 0x000000060ac00000| Untracked 
|  81|0x000000060ae00000, 0x000000060ae00000, 0x000000060b000000|  0%| F|  |TAMS 0x000000060ae00000, 0x000000060ae00000| Untracked 
|  82|0x000000060b000000, 0x000000060b000000, 0x000000060b200000|  0%| F|  |TAMS 0x000000060b000000, 0x000000060b000000| Untracked 
|  83|0x000000060b200000, 0x000000060b200000, 0x000000060b400000|  0%| F|  |TAMS 0x000000060b200000, 0x000000060b200000| Untracked 
|  84|0x000000060b400000, 0x000000060b400000, 0x000000060b600000|  0%| F|  |TAMS 0x000000060b400000, 0x000000060b400000| Untracked 
|  85|0x000000060b600000, 0x000000060b600000, 0x000000060b800000|  0%| F|  |TAMS 0x000000060b600000, 0x000000060b600000| Untracked 
|  86|0x000000060b800000, 0x000000060b800000, 0x000000060ba00000|  0%| F|  |TAMS 0x000000060b800000, 0x000000060b800000| Untracked 
|  87|0x000000060ba00000, 0x000000060ba00000, 0x000000060bc00000|  0%| F|  |TAMS 0x000000060ba00000, 0x000000060ba00000| Untracked 
|  88|0x000000060bc00000, 0x000000060bc00000, 0x000000060be00000|  0%| F|  |TAMS 0x000000060bc00000, 0x000000060bc00000| Untracked 
|  89|0x000000060be00000, 0x000000060be00000, 0x000000060c000000|  0%| F|  |TAMS 0x000000060be00000, 0x000000060be00000| Untracked 
|  90|0x000000060c000000, 0x000000060c000000, 0x000000060c200000|  0%| F|  |TAMS 0x000000060c000000, 0x000000060c000000| Untracked 
|  91|0x000000060c200000, 0x000000060c200000, 0x000000060c400000|  0%| F|  |TAMS 0x000000060c200000, 0x000000060c200000| Untracked 
|  92|0x000000060c400000, 0x000000060c400000, 0x000000060c600000|  0%| F|  |TAMS 0x000000060c400000, 0x000000060c400000| Untracked 
|  93|0x000000060c600000, 0x000000060c600000, 0x000000060c800000|  0%| F|  |TAMS 0x000000060c600000, 0x000000060c600000| Untracked 
|  94|0x000000060c800000, 0x000000060c800000, 0x000000060ca00000|  0%| F|  |TAMS 0x000000060c800000, 0x000000060c800000| Untracked 
|  95|0x000000060ca00000, 0x000000060ca00000, 0x000000060cc00000|  0%| F|  |TAMS 0x000000060ca00000, 0x000000060ca00000| Untracked 
|  96|0x000000060cc00000, 0x000000060cc00000, 0x000000060ce00000|  0%| F|  |TAMS 0x000000060cc00000, 0x000000060cc00000| Untracked 
|  97|0x000000060ce00000, 0x000000060ce00000, 0x000000060d000000|  0%| F|  |TAMS 0x000000060ce00000, 0x000000060ce00000| Untracked 
|  98|0x000000060d000000, 0x000000060d000000, 0x000000060d200000|  0%| F|  |TAMS 0x000000060d000000, 0x000000060d000000| Untracked 
|  99|0x000000060d200000, 0x000000060d200000, 0x000000060d400000|  0%| F|  |TAMS 0x000000060d200000, 0x000000060d200000| Untracked 
| 100|0x000000060d400000, 0x000000060d400000, 0x000000060d600000|  0%| F|  |TAMS 0x000000060d400000, 0x000000060d400000| Untracked 
| 101|0x000000060d600000, 0x000000060d600000, 0x000000060d800000|  0%| F|  |TAMS 0x000000060d600000, 0x000000060d600000| Untracked 
| 102|0x000000060d800000, 0x000000060d800000, 0x000000060da00000|  0%| F|  |TAMS 0x000000060d800000, 0x000000060d800000| Untracked 
| 103|0x000000060da00000, 0x000000060da00000, 0x000000060dc00000|  0%| F|  |TAMS 0x000000060da00000, 0x000000060da00000| Untracked 
| 104|0x000000060dc00000, 0x000000060dc00000, 0x000000060de00000|  0%| F|  |TAMS 0x000000060dc00000, 0x000000060dc00000| Untracked 
| 105|0x000000060de00000, 0x000000060de00000, 0x000000060e000000|  0%| F|  |TAMS 0x000000060de00000, 0x000000060de00000| Untracked 
| 106|0x000000060e000000, 0x000000060e000000, 0x000000060e200000|  0%| F|  |TAMS 0x000000060e000000, 0x000000060e000000| Untracked 
| 107|0x000000060e200000, 0x000000060e200000, 0x000000060e400000|  0%| F|  |TAMS 0x000000060e200000, 0x000000060e200000| Untracked 
| 108|0x000000060e400000, 0x000000060e400000, 0x000000060e600000|  0%| F|  |TAMS 0x000000060e400000, 0x000000060e400000| Untracked 
| 109|0x000000060e600000, 0x000000060e600000, 0x000000060e800000|  0%| F|  |TAMS 0x000000060e600000, 0x000000060e600000| Untracked 
| 110|0x000000060e800000, 0x000000060e800000, 0x000000060ea00000|  0%| F|  |TAMS 0x000000060e800000, 0x000000060e800000| Untracked 
| 111|0x000000060ea00000, 0x000000060ea00000, 0x000000060ec00000|  0%| F|  |TAMS 0x000000060ea00000, 0x000000060ea00000| Untracked 
| 112|0x000000060ec00000, 0x000000060ec00000, 0x000000060ee00000|  0%| F|  |TAMS 0x000000060ec00000, 0x000000060ec00000| Untracked 
| 113|0x000000060ee00000, 0x000000060ee00000, 0x000000060f000000|  0%| F|  |TAMS 0x000000060ee00000, 0x000000060ee00000| Untracked 
| 114|0x000000060f000000, 0x000000060f000000, 0x000000060f200000|  0%| F|  |TAMS 0x000000060f000000, 0x000000060f000000| Untracked 
| 115|0x000000060f200000, 0x000000060f200000, 0x000000060f400000|  0%| F|  |TAMS 0x000000060f200000, 0x000000060f200000| Untracked 
| 116|0x000000060f400000, 0x000000060f400000, 0x000000060f600000|  0%| F|  |TAMS 0x000000060f400000, 0x000000060f400000| Untracked 
| 117|0x000000060f600000, 0x000000060f600000, 0x000000060f800000|  0%| F|  |TAMS 0x000000060f600000, 0x000000060f600000| Untracked 
| 118|0x000000060f800000, 0x000000060f800000, 0x000000060fa00000|  0%| F|  |TAMS 0x000000060f800000, 0x000000060f800000| Untracked 
| 119|0x000000060fa00000, 0x000000060fa00000, 0x000000060fc00000|  0%| F|  |TAMS 0x000000060fa00000, 0x000000060fa00000| Untracked 
| 120|0x000000060fc00000, 0x000000060fc00000, 0x000000060fe00000|  0%| F|  |TAMS 0x000000060fc00000, 0x000000060fc00000| Untracked 
| 121|0x000000060fe00000, 0x000000060fe00000, 0x0000000610000000|  0%| F|  |TAMS 0x000000060fe00000, 0x000000060fe00000| Untracked 
| 122|0x0000000610000000, 0x0000000610000000, 0x0000000610200000|  0%| F|  |TAMS 0x0000000610000000, 0x0000000610000000| Untracked 
| 123|0x0000000610200000, 0x0000000610200000, 0x0000000610400000|  0%| F|  |TAMS 0x0000000610200000, 0x0000000610200000| Untracked 
| 124|0x0000000610400000, 0x0000000610400000, 0x0000000610600000|  0%| F|  |TAMS 0x0000000610400000, 0x0000000610400000| Untracked 
| 125|0x0000000610600000, 0x0000000610600000, 0x0000000610800000|  0%| F|  |TAMS 0x0000000610600000, 0x0000000610600000| Untracked 
| 126|0x0000000610800000, 0x0000000610800000, 0x0000000610a00000|  0%| F|  |TAMS 0x0000000610800000, 0x0000000610800000| Untracked 
| 127|0x0000000610a00000, 0x0000000610a00000, 0x0000000610c00000|  0%| F|  |TAMS 0x0000000610a00000, 0x0000000610a00000| Untracked 
| 128|0x0000000610c00000, 0x0000000610c00000, 0x0000000610e00000|  0%| F|  |TAMS 0x0000000610c00000, 0x0000000610c00000| Untracked 
| 129|0x0000000610e00000, 0x0000000610e00000, 0x0000000611000000|  0%| F|  |TAMS 0x0000000610e00000, 0x0000000610e00000| Untracked 
| 130|0x0000000611000000, 0x0000000611000000, 0x0000000611200000|  0%| F|  |TAMS 0x0000000611000000, 0x0000000611000000| Untracked 
| 131|0x0000000611200000, 0x0000000611200000, 0x0000000611400000|  0%| F|  |TAMS 0x0000000611200000, 0x0000000611200000| Untracked 
| 132|0x0000000611400000, 0x0000000611400000, 0x0000000611600000|  0%| F|  |TAMS 0x0000000611400000, 0x0000000611400000| Untracked 
| 133|0x0000000611600000, 0x0000000611600000, 0x0000000611800000|  0%| F|  |TAMS 0x0000000611600000, 0x0000000611600000| Untracked 
| 134|0x0000000611800000, 0x0000000611800000, 0x0000000611a00000|  0%| F|  |TAMS 0x0000000611800000, 0x0000000611800000| Untracked 
| 135|0x0000000611a00000, 0x0000000611a00000, 0x0000000611c00000|  0%| F|  |TAMS 0x0000000611a00000, 0x0000000611a00000| Untracked 
| 136|0x0000000611c00000, 0x0000000611c00000, 0x0000000611e00000|  0%| F|  |TAMS 0x0000000611c00000, 0x0000000611c00000| Untracked 
| 137|0x0000000611e00000, 0x0000000611e00000, 0x0000000612000000|  0%| F|  |TAMS 0x0000000611e00000, 0x0000000611e00000| Untracked 
| 138|0x0000000612000000, 0x0000000612000000, 0x0000000612200000|  0%| F|  |TAMS 0x0000000612000000, 0x0000000612000000| Untracked 
| 139|0x0000000612200000, 0x0000000612200000, 0x0000000612400000|  0%| F|  |TAMS 0x0000000612200000, 0x0000000612200000| Untracked 
| 140|0x0000000612400000, 0x0000000612400000, 0x0000000612600000|  0%| F|  |TAMS 0x0000000612400000, 0x0000000612400000| Untracked 
| 141|0x0000000612600000, 0x0000000612600000, 0x0000000612800000|  0%| F|  |TAMS 0x0000000612600000, 0x0000000612600000| Untracked 
| 142|0x0000000612800000, 0x0000000612800000, 0x0000000612a00000|  0%| F|  |TAMS 0x0000000612800000, 0x0000000612800000| Untracked 
| 143|0x0000000612a00000, 0x0000000612a00000, 0x0000000612c00000|  0%| F|  |TAMS 0x0000000612a00000, 0x0000000612a00000| Untracked 
| 144|0x0000000612c00000, 0x0000000612c00000, 0x0000000612e00000|  0%| F|  |TAMS 0x0000000612c00000, 0x0000000612c00000| Untracked 
| 145|0x0000000612e00000, 0x0000000612e00000, 0x0000000613000000|  0%| F|  |TAMS 0x0000000612e00000, 0x0000000612e00000| Untracked 
| 146|0x0000000613000000, 0x0000000613000000, 0x0000000613200000|  0%| F|  |TAMS 0x0000000613000000, 0x0000000613000000| Untracked 
| 147|0x0000000613200000, 0x0000000613200000, 0x0000000613400000|  0%| F|  |TAMS 0x0000000613200000, 0x0000000613200000| Untracked 
| 148|0x0000000613400000, 0x0000000613400000, 0x0000000613600000|  0%| F|  |TAMS 0x0000000613400000, 0x0000000613400000| Untracked 
| 149|0x0000000613600000, 0x0000000613600000, 0x0000000613800000|  0%| F|  |TAMS 0x0000000613600000, 0x0000000613600000| Untracked 
| 150|0x0000000613800000, 0x0000000613800000, 0x0000000613a00000|  0%| F|  |TAMS 0x0000000613800000, 0x0000000613800000| Untracked 
| 151|0x0000000613a00000, 0x0000000613a00000, 0x0000000613c00000|  0%| F|  |TAMS 0x0000000613a00000, 0x0000000613a00000| Untracked 
| 152|0x0000000613c00000, 0x0000000613c00000, 0x0000000613e00000|  0%| F|  |TAMS 0x0000000613c00000, 0x0000000613c00000| Untracked 
| 153|0x0000000613e00000, 0x0000000613e00000, 0x0000000614000000|  0%| F|  |TAMS 0x0000000613e00000, 0x0000000613e00000| Untracked 
| 154|0x0000000614000000, 0x0000000614000000, 0x0000000614200000|  0%| F|  |TAMS 0x0000000614000000, 0x0000000614000000| Untracked 
| 155|0x0000000614200000, 0x0000000614200000, 0x0000000614400000|  0%| F|  |TAMS 0x0000000614200000, 0x0000000614200000| Untracked 
| 156|0x0000000614400000, 0x0000000614400000, 0x0000000614600000|  0%| F|  |TAMS 0x0000000614400000, 0x0000000614400000| Untracked 
| 157|0x0000000614600000, 0x0000000614600000, 0x0000000614800000|  0%| F|  |TAMS 0x0000000614600000, 0x0000000614600000| Untracked 
| 158|0x0000000614800000, 0x0000000614800000, 0x0000000614a00000|  0%| F|  |TAMS 0x0000000614800000, 0x0000000614800000| Untracked 
| 159|0x0000000614a00000, 0x0000000614a00000, 0x0000000614c00000|  0%| F|  |TAMS 0x0000000614a00000, 0x0000000614a00000| Untracked 
| 160|0x0000000614c00000, 0x0000000614c00000, 0x0000000614e00000|  0%| F|  |TAMS 0x0000000614c00000, 0x0000000614c00000| Untracked 
| 161|0x0000000614e00000, 0x0000000614e00000, 0x0000000615000000|  0%| F|  |TAMS 0x0000000614e00000, 0x0000000614e00000| Untracked 
| 162|0x0000000615000000, 0x0000000615000000, 0x0000000615200000|  0%| F|  |TAMS 0x0000000615000000, 0x0000000615000000| Untracked 
| 163|0x0000000615200000, 0x0000000615200000, 0x0000000615400000|  0%| F|  |TAMS 0x0000000615200000, 0x0000000615200000| Untracked 
| 164|0x0000000615400000, 0x0000000615400000, 0x0000000615600000|  0%| F|  |TAMS 0x0000000615400000, 0x0000000615400000| Untracked 
| 165|0x0000000615600000, 0x0000000615600000, 0x0000000615800000|  0%| F|  |TAMS 0x0000000615600000, 0x0000000615600000| Untracked 
| 166|0x0000000615800000, 0x0000000615800000, 0x0000000615a00000|  0%| F|  |TAMS 0x0000000615800000, 0x0000000615800000| Untracked 
| 167|0x0000000615a00000, 0x0000000615a00000, 0x0000000615c00000|  0%| F|  |TAMS 0x0000000615a00000, 0x0000000615a00000| Untracked 
| 168|0x0000000615c00000, 0x0000000615c00000, 0x0000000615e00000|  0%| F|  |TAMS 0x0000000615c00000, 0x0000000615c00000| Untracked 
| 169|0x0000000615e00000, 0x0000000615e00000, 0x0000000616000000|  0%| F|  |TAMS 0x0000000615e00000, 0x0000000615e00000| Untracked 
| 170|0x0000000616000000, 0x0000000616000000, 0x0000000616200000|  0%| F|  |TAMS 0x0000000616000000, 0x0000000616000000| Untracked 
| 171|0x0000000616200000, 0x0000000616200000, 0x0000000616400000|  0%| F|  |TAMS 0x0000000616200000, 0x0000000616200000| Untracked 
| 172|0x0000000616400000, 0x0000000616400000, 0x0000000616600000|  0%| F|  |TAMS 0x0000000616400000, 0x0000000616400000| Untracked 
| 173|0x0000000616600000, 0x0000000616600000, 0x0000000616800000|  0%| F|  |TAMS 0x0000000616600000, 0x0000000616600000| Untracked 
| 174|0x0000000616800000, 0x0000000616800000, 0x0000000616a00000|  0%| F|  |TAMS 0x0000000616800000, 0x0000000616800000| Untracked 
| 175|0x0000000616a00000, 0x0000000616a00000, 0x0000000616c00000|  0%| F|  |TAMS 0x0000000616a00000, 0x0000000616a00000| Untracked 
| 176|0x0000000616c00000, 0x0000000616c00000, 0x0000000616e00000|  0%| F|  |TAMS 0x0000000616c00000, 0x0000000616c00000| Untracked 
| 177|0x0000000616e00000, 0x0000000616e00000, 0x0000000617000000|  0%| F|  |TAMS 0x0000000616e00000, 0x0000000616e00000| Untracked 
| 178|0x0000000617000000, 0x0000000617000000, 0x0000000617200000|  0%| F|  |TAMS 0x0000000617000000, 0x0000000617000000| Untracked 
| 179|0x0000000617200000, 0x0000000617200000, 0x0000000617400000|  0%| F|  |TAMS 0x0000000617200000, 0x0000000617200000| Untracked 
| 180|0x0000000617400000, 0x0000000617400000, 0x0000000617600000|  0%| F|  |TAMS 0x0000000617400000, 0x0000000617400000| Untracked 
| 181|0x0000000617600000, 0x0000000617600000, 0x0000000617800000|  0%| F|  |TAMS 0x0000000617600000, 0x0000000617600000| Untracked 
| 182|0x0000000617800000, 0x0000000617800000, 0x0000000617a00000|  0%| F|  |TAMS 0x0000000617800000, 0x0000000617800000| Untracked 
| 183|0x0000000617a00000, 0x0000000617a00000, 0x0000000617c00000|  0%| F|  |TAMS 0x0000000617a00000, 0x0000000617a00000| Untracked 
| 184|0x0000000617c00000, 0x0000000617c00000, 0x0000000617e00000|  0%| F|  |TAMS 0x0000000617c00000, 0x0000000617c00000| Untracked 
| 185|0x0000000617e00000, 0x0000000617e00000, 0x0000000618000000|  0%| F|  |TAMS 0x0000000617e00000, 0x0000000617e00000| Untracked 
| 186|0x0000000618000000, 0x00000006181f1738, 0x0000000618200000| 97%| S|CS|TAMS 0x0000000618000000, 0x0000000618000000| Complete 
| 187|0x0000000618200000, 0x0000000618400000, 0x0000000618400000|100%| S|CS|TAMS 0x0000000618200000, 0x0000000618200000| Complete 
| 188|0x0000000618400000, 0x0000000618600000, 0x0000000618600000|100%| S|CS|TAMS 0x0000000618400000, 0x0000000618400000| Complete 
| 189|0x0000000618600000, 0x0000000618800000, 0x0000000618800000|100%| S|CS|TAMS 0x0000000618600000, 0x0000000618600000| Complete 
| 190|0x0000000618800000, 0x0000000618a00000, 0x0000000618a00000|100%| S|CS|TAMS 0x0000000618800000, 0x0000000618800000| Complete 
| 191|0x0000000618a00000, 0x0000000618c00000, 0x0000000618c00000|100%| S|CS|TAMS 0x0000000618a00000, 0x0000000618a00000| Complete 
| 192|0x0000000618c00000, 0x0000000618e00000, 0x0000000618e00000|100%| S|CS|TAMS 0x0000000618c00000, 0x0000000618c00000| Complete 
| 193|0x0000000618e00000, 0x0000000619000000, 0x0000000619000000|100%| S|CS|TAMS 0x0000000618e00000, 0x0000000618e00000| Complete 
| 194|0x0000000619000000, 0x0000000619000000, 0x0000000619200000|  0%| F|  |TAMS 0x0000000619000000, 0x0000000619000000| Untracked 
| 195|0x0000000619200000, 0x0000000619200000, 0x0000000619400000|  0%| F|  |TAMS 0x0000000619200000, 0x0000000619200000| Untracked 
| 196|0x0000000619400000, 0x0000000619400000, 0x0000000619600000|  0%| F|  |TAMS 0x0000000619400000, 0x0000000619400000| Untracked 
| 197|0x0000000619600000, 0x0000000619600000, 0x0000000619800000|  0%| F|  |TAMS 0x0000000619600000, 0x0000000619600000| Untracked 
| 198|0x0000000619800000, 0x0000000619800000, 0x0000000619a00000|  0%| F|  |TAMS 0x0000000619800000, 0x0000000619800000| Untracked 
| 199|0x0000000619a00000, 0x0000000619a00000, 0x0000000619c00000|  0%| F|  |TAMS 0x0000000619a00000, 0x0000000619a00000| Untracked 
| 200|0x0000000619c00000, 0x0000000619c00000, 0x0000000619e00000|  0%| F|  |TAMS 0x0000000619c00000, 0x0000000619c00000| Untracked 
| 201|0x0000000619e00000, 0x0000000619e00000, 0x000000061a000000|  0%| F|  |TAMS 0x0000000619e00000, 0x0000000619e00000| Untracked 
| 202|0x000000061a000000, 0x000000061a000000, 0x000000061a200000|  0%| F|  |TAMS 0x000000061a000000, 0x000000061a000000| Untracked 
| 203|0x000000061a200000, 0x000000061a200000, 0x000000061a400000|  0%| F|  |TAMS 0x000000061a200000, 0x000000061a200000| Untracked 
| 204|0x000000061a400000, 0x000000061a400000, 0x000000061a600000|  0%| F|  |TAMS 0x000000061a400000, 0x000000061a400000| Untracked 
| 205|0x000000061a600000, 0x000000061a600000, 0x000000061a800000|  0%| F|  |TAMS 0x000000061a600000, 0x000000061a600000| Untracked 
| 206|0x000000061a800000, 0x000000061a800000, 0x000000061aa00000|  0%| F|  |TAMS 0x000000061a800000, 0x000000061a800000| Untracked 
| 207|0x000000061aa00000, 0x000000061aa00000, 0x000000061ac00000|  0%| F|  |TAMS 0x000000061aa00000, 0x000000061aa00000| Untracked 
| 208|0x000000061ac00000, 0x000000061ac00000, 0x000000061ae00000|  0%| F|  |TAMS 0x000000061ac00000, 0x000000061ac00000| Untracked 
| 209|0x000000061ae00000, 0x000000061ae00000, 0x000000061b000000|  0%| F|  |TAMS 0x000000061ae00000, 0x000000061ae00000| Untracked 
| 210|0x000000061b000000, 0x000000061b000000, 0x000000061b200000|  0%| F|  |TAMS 0x000000061b000000, 0x000000061b000000| Untracked 
| 211|0x000000061b200000, 0x000000061b200000, 0x000000061b400000|  0%| F|  |TAMS 0x000000061b200000, 0x000000061b200000| Untracked 
| 212|0x000000061b400000, 0x000000061b400000, 0x000000061b600000|  0%| F|  |TAMS 0x000000061b400000, 0x000000061b400000| Untracked 
| 213|0x000000061b600000, 0x000000061b600000, 0x000000061b800000|  0%| F|  |TAMS 0x000000061b600000, 0x000000061b600000| Untracked 
| 214|0x000000061b800000, 0x000000061b800000, 0x000000061ba00000|  0%| F|  |TAMS 0x000000061b800000, 0x000000061b800000| Untracked 
| 215|0x000000061ba00000, 0x000000061ba00000, 0x000000061bc00000|  0%| F|  |TAMS 0x000000061ba00000, 0x000000061ba00000| Untracked 
| 216|0x000000061bc00000, 0x000000061bc00000, 0x000000061be00000|  0%| F|  |TAMS 0x000000061bc00000, 0x000000061bc00000| Untracked 
| 217|0x000000061be00000, 0x000000061be00000, 0x000000061c000000|  0%| F|  |TAMS 0x000000061be00000, 0x000000061be00000| Untracked 
| 218|0x000000061c000000, 0x000000061c000000, 0x000000061c200000|  0%| F|  |TAMS 0x000000061c000000, 0x000000061c000000| Untracked 
| 219|0x000000061c200000, 0x000000061c200000, 0x000000061c400000|  0%| F|  |TAMS 0x000000061c200000, 0x000000061c200000| Untracked 
| 220|0x000000061c400000, 0x000000061c400000, 0x000000061c600000|  0%| F|  |TAMS 0x000000061c400000, 0x000000061c400000| Untracked 
| 221|0x000000061c600000, 0x000000061c600000, 0x000000061c800000|  0%| F|  |TAMS 0x000000061c600000, 0x000000061c600000| Untracked 
| 222|0x000000061c800000, 0x000000061c800000, 0x000000061ca00000|  0%| F|  |TAMS 0x000000061c800000, 0x000000061c800000| Untracked 
| 223|0x000000061ca00000, 0x000000061ca00000, 0x000000061cc00000|  0%| F|  |TAMS 0x000000061ca00000, 0x000000061ca00000| Untracked 
| 224|0x000000061cc00000, 0x000000061cc00000, 0x000000061ce00000|  0%| F|  |TAMS 0x000000061cc00000, 0x000000061cc00000| Untracked 
| 225|0x000000061ce00000, 0x000000061ce00000, 0x000000061d000000|  0%| F|  |TAMS 0x000000061ce00000, 0x000000061ce00000| Untracked 
| 226|0x000000061d000000, 0x000000061d000000, 0x000000061d200000|  0%| F|  |TAMS 0x000000061d000000, 0x000000061d000000| Untracked 
| 227|0x000000061d200000, 0x000000061d200000, 0x000000061d400000|  0%| F|  |TAMS 0x000000061d200000, 0x000000061d200000| Untracked 
| 228|0x000000061d400000, 0x000000061d400000, 0x000000061d600000|  0%| F|  |TAMS 0x000000061d400000, 0x000000061d400000| Untracked 
| 229|0x000000061d600000, 0x000000061d600000, 0x000000061d800000|  0%| F|  |TAMS 0x000000061d600000, 0x000000061d600000| Untracked 
| 230|0x000000061d800000, 0x000000061d800000, 0x000000061da00000|  0%| F|  |TAMS 0x000000061d800000, 0x000000061d800000| Untracked 
| 231|0x000000061da00000, 0x000000061da00000, 0x000000061dc00000|  0%| F|  |TAMS 0x000000061da00000, 0x000000061da00000| Untracked 
| 232|0x000000061dc00000, 0x000000061dc00000, 0x000000061de00000|  0%| F|  |TAMS 0x000000061dc00000, 0x000000061dc00000| Untracked 
| 233|0x000000061de00000, 0x000000061de00000, 0x000000061e000000|  0%| F|  |TAMS 0x000000061de00000, 0x000000061de00000| Untracked 
| 234|0x000000061e000000, 0x000000061e000000, 0x000000061e200000|  0%| F|  |TAMS 0x000000061e000000, 0x000000061e000000| Untracked 
| 235|0x000000061e200000, 0x000000061e200000, 0x000000061e400000|  0%| F|  |TAMS 0x000000061e200000, 0x000000061e200000| Untracked 
| 236|0x000000061e400000, 0x000000061e400000, 0x000000061e600000|  0%| F|  |TAMS 0x000000061e400000, 0x000000061e400000| Untracked 
| 237|0x000000061e600000, 0x000000061e600000, 0x000000061e800000|  0%| F|  |TAMS 0x000000061e600000, 0x000000061e600000| Untracked 
| 238|0x000000061e800000, 0x000000061e800000, 0x000000061ea00000|  0%| F|  |TAMS 0x000000061e800000, 0x000000061e800000| Untracked 
| 239|0x000000061ea00000, 0x000000061ea00000, 0x000000061ec00000|  0%| F|  |TAMS 0x000000061ea00000, 0x000000061ea00000| Untracked 
| 240|0x000000061ec00000, 0x000000061ec00000, 0x000000061ee00000|  0%| F|  |TAMS 0x000000061ec00000, 0x000000061ec00000| Untracked 
| 241|0x000000061ee00000, 0x000000061ee00000, 0x000000061f000000|  0%| F|  |TAMS 0x000000061ee00000, 0x000000061ee00000| Untracked 
| 242|0x000000061f000000, 0x000000061f000000, 0x000000061f200000|  0%| F|  |TAMS 0x000000061f000000, 0x000000061f000000| Untracked 
| 243|0x000000061f200000, 0x000000061f200000, 0x000000061f400000|  0%| F|  |TAMS 0x000000061f200000, 0x000000061f200000| Untracked 
| 244|0x000000061f400000, 0x000000061f400000, 0x000000061f600000|  0%| F|  |TAMS 0x000000061f400000, 0x000000061f400000| Untracked 
| 245|0x000000061f600000, 0x000000061f600000, 0x000000061f800000|  0%| F|  |TAMS 0x000000061f600000, 0x000000061f600000| Untracked 
| 246|0x000000061f800000, 0x000000061f800000, 0x000000061fa00000|  0%| F|  |TAMS 0x000000061f800000, 0x000000061f800000| Untracked 
| 247|0x000000061fa00000, 0x000000061fa00000, 0x000000061fc00000|  0%| F|  |TAMS 0x000000061fa00000, 0x000000061fa00000| Untracked 
| 248|0x000000061fc00000, 0x000000061fc00000, 0x000000061fe00000|  0%| F|  |TAMS 0x000000061fc00000, 0x000000061fc00000| Untracked 
| 249|0x000000061fe00000, 0x000000061fe00000, 0x0000000620000000|  0%| F|  |TAMS 0x000000061fe00000, 0x000000061fe00000| Untracked 
| 250|0x0000000620000000, 0x0000000620000000, 0x0000000620200000|  0%| F|  |TAMS 0x0000000620000000, 0x0000000620000000| Untracked 
| 251|0x0000000620200000, 0x0000000620200000, 0x0000000620400000|  0%| F|  |TAMS 0x0000000620200000, 0x0000000620200000| Untracked 
| 252|0x0000000620400000, 0x0000000620400000, 0x0000000620600000|  0%| F|  |TAMS 0x0000000620400000, 0x0000000620400000| Untracked 
| 253|0x0000000620600000, 0x0000000620600000, 0x0000000620800000|  0%| F|  |TAMS 0x0000000620600000, 0x0000000620600000| Untracked 
| 254|0x0000000620800000, 0x0000000620800000, 0x0000000620a00000|  0%| F|  |TAMS 0x0000000620800000, 0x0000000620800000| Untracked 
| 255|0x0000000620a00000, 0x0000000620a00000, 0x0000000620c00000|  0%| F|  |TAMS 0x0000000620a00000, 0x0000000620a00000| Untracked 

Card table byte_map: [0x000002b2d9cc0000,0x000002b2dacc0000] _byte_map_base: 0x000002b2d6cba000

Marking Bits (Prev, Next): (CMBitMap*) 0x000002b2c5ef1228, (CMBitMap*) 0x000002b2c5ef1260
 Prev Bits: [0x000002b2dbcc0000, 0x000002b2e3c90000)
 Next Bits: [0x000002b2e3c90000, 0x000002b2ebc60000)

Polling page: 0x000002b2c3e60000

Metaspace:

Usage:
  Non-class:     49.84 MB capacity,    49.45 MB (>99%) used,   310.84 KB ( <1%) free+waste,    90.13 KB ( <1%) overhead. 
      Class:      6.69 MB capacity,     6.41 MB ( 96%) used,   238.69 KB (  3%) free+waste,    40.75 KB ( <1%) overhead. 
       Both:     56.53 MB capacity,    55.87 MB ( 99%) used,   549.53 KB ( <1%) free+waste,   130.88 KB ( <1%) overhead. 

Virtual space:
  Non-class space:       50.00 MB reserved,      50.00 MB (100%) committed 
      Class space:        1.00 GB reserved,       6.75 MB ( <1%) committed 
             Both:        1.05 GB reserved,      56.75 MB (  5%) committed 

Chunk freelists:
   Non-Class:  32.00 KB
       Class:  0 bytes
        Both:  32.00 KB

MaxMetaspaceSize: 17179869184.00 GB
CompressedClassSpaceSize: 1.00 GB
Initial GC threshold: 20.80 MB
Current GC threshold: 58.34 MB
CDS: off

CodeHeap 'non-profiled nmethods': size=120000Kb used=2599Kb max_used=2599Kb free=117400Kb
 bounds [0x000002b2d1460000, 0x000002b2d16f0000, 0x000002b2d8990000]
CodeHeap 'profiled nmethods': size=120000Kb used=13125Kb max_used=13125Kb free=106875Kb
 bounds [0x000002b2c9f30000, 0x000002b2cac10000, 0x000002b2d1460000]
CodeHeap 'non-nmethods': size=5760Kb used=1295Kb max_used=1340Kb free=4464Kb
 bounds [0x000002b2c9990000, 0x000002b2c9c00000, 0x000002b2c9f30000]
 total_blobs=5884 nmethods=5300 adapters=496
 compilation: enabled
              stopped_count=0, restarted_count=0
 full_count=0

Compilation events (20 events):
Event: 6.560 Thread 0x000002b2ef19e000 nmethod 5318 0x000002b2d16e9490 code [0x000002b2d16e9640, 0x000002b2d16e96f8]
Event: 6.560 Thread 0x000002b2ef19e000 5319       1       javaslang.control.Option$Some::get (5 bytes)
Event: 6.560 Thread 0x000002b2ef19e000 nmethod 5319 0x000002b2d16e9790 code [0x000002b2d16e9940, 0x000002b2d16e99f8]
Event: 6.561 Thread 0x000002b2ef19e000 5320       3       javaslang.collection.HashArrayMappedTrieModule$AbstractNode::fromBitmap (9 bytes)
Event: 6.561 Thread 0x000002b2ef19e000 nmethod 5320 0x000002b2cabfdd10 code [0x000002b2cabfdec0, 0x000002b2cabfdfc8]
Event: 6.561 Thread 0x000002b2ef19e000 5321       3       javaslang.collection.HashArrayMappedTrieModule$AbstractNode::bitCount (49 bytes)
Event: 6.561 Thread 0x000002b2ef19e000 nmethod 5321 0x000002b2cabfe090 code [0x000002b2cabfe240, 0x000002b2cabfe358]
Event: 6.565 Thread 0x000002b2ef19e000 5322       3       org.jetbrains.kotlin.load.kotlin.FileBasedKotlinClass::convertAnnotationVisitor (56 bytes)
Event: 6.566 Thread 0x000002b2ef19e000 nmethod 5322 0x000002b2cabfe410 code [0x000002b2cabfe660, 0x000002b2cabfedd8]
Event: 6.566 Thread 0x000002b2ef19e000 5323       3       org.jetbrains.kotlin.load.java.lazy.descriptors.LazyJavaClassDescriptor::getUnsubstitutedMemberScope (9 bytes)
Event: 6.566 Thread 0x000002b2ef19d800 5325       4       org.jetbrains.kotlin.types.KotlinType::equals (56 bytes)
Event: 6.566 Thread 0x000002b2ef1a0800 5326       4       org.jetbrains.kotlin.storage.LockBasedStorageManager$MapBasedMemoizedFunctionToNotNull::invoke (56 bytes)
Event: 6.566 Thread 0x000002b2ef19e000 nmethod 5323 0x000002b2cabff010 code [0x000002b2cabff260, 0x000002b2cabff9c8]
Event: 6.566 Thread 0x000002b2ef19e000 5324       3       org.jetbrains.kotlin.load.java.lazy.descriptors.LazyJavaClassDescriptor::getUnsubstitutedMemberScope (19 bytes)
Event: 6.566 Thread 0x000002b2ef19e000 nmethod 5324 0x000002b2cabffc90 code [0x000002b2cabffec0, 0x000002b2cac005a8]
Event: 6.566 Thread 0x000002b2ef19e000 5327       3       java.util.ArrayList::sort (45 bytes)
Event: 6.567 Thread 0x000002b2ef1a0800 nmethod 5326 0x000002b2d16e9a90 code [0x000002b2d16e9c40, 0x000002b2d16e9ce8]
Event: 6.567 Thread 0x000002b2ef19e000 nmethod 5327 0x000002b2cac00810 code [0x000002b2cac009e0, 0x000002b2cac00c58]
Event: 6.567 Thread 0x000002b2ef19e000 5328       3       java.util.Arrays::sort (47 bytes)
Event: 6.567 Thread 0x000002b2ef19e000 nmethod 5328 0x000002b2cac00d90 code [0x000002b2cac00f80, 0x000002b2cac01298]

GC Heap History (13 events):
Event: 0.740 GC heap before
{Heap before GC invocations=0 (full 0):
 garbage-first heap   total 524288K, used 26624K [0x0000000600c00000, 0x0000000800000000)
  region size 2048K, 12 young (24576K), 0 survivors (0K)
 Metaspace       used 11700K, capacity 11826K, committed 11904K, reserved 1060864K
  class space    used 1063K, capacity 1109K, committed 1152K, reserved 1048576K
}
Event: 0.742 GC heap after
{Heap after GC invocations=1 (full 0):
 garbage-first heap   total 524288K, used 6564K [0x0000000600c00000, 0x0000000800000000)
  region size 2048K, 2 young (4096K), 2 survivors (4096K)
 Metaspace       used 11700K, capacity 11826K, committed 11904K, reserved 1060864K
  class space    used 1063K, capacity 1109K, committed 1152K, reserved 1048576K
}
Event: 1.511 GC heap before
{Heap before GC invocations=1 (full 0):
 garbage-first heap   total 524288K, used 41380K [0x0000000600c00000, 0x0000000800000000)
  region size 2048K, 19 young (38912K), 2 survivors (4096K)
 Metaspace       used 19472K, capacity 19728K, committed 19840K, reserved 1067008K
  class space    used 2049K, capacity 2133K, committed 2176K, reserved 1048576K
}
Event: 1.516 GC heap after
{Heap after GC invocations=2 (full 0):
 garbage-first heap   total 524288K, used 10244K [0x0000000600c00000, 0x0000000800000000)
  region size 2048K, 3 young (6144K), 3 survivors (6144K)
 Metaspace       used 19472K, capacity 19728K, committed 19840K, reserved 1067008K
  class space    used 2049K, capacity 2133K, committed 2176K, reserved 1048576K
}
Event: 1.586 GC heap before
{Heap before GC invocations=2 (full 0):
 garbage-first heap   total 524288K, used 14340K [0x0000000600c00000, 0x0000000800000000)
  region size 2048K, 6 young (12288K), 3 survivors (6144K)
 Metaspace       used 20694K, capacity 20983K, committed 21248K, reserved 1069056K
  class space    used 2187K, capacity 2276K, committed 2304K, reserved 1048576K
}
Event: 1.596 GC heap after
{Heap after GC invocations=3 (full 0):
 garbage-first heap   total 524288K, used 10658K [0x0000000600c00000, 0x0000000800000000)
  region size 2048K, 4 young (8192K), 4 survivors (8192K)
 Metaspace       used 20694K, capacity 20983K, committed 21248K, reserved 1069056K
  class space    used 2187K, capacity 2276K, committed 2304K, reserved 1048576K
}
Event: 2.986 GC heap before
{Heap before GC invocations=4 (full 0):
 garbage-first heap   total 524288K, used 74146K [0x0000000600c00000, 0x0000000800000000)
  region size 2048K, 32 young (65536K), 4 survivors (8192K)
 Metaspace       used 33438K, capacity 33963K, committed 34176K, reserved 1079296K
  class space    used 4188K, capacity 4382K, committed 4480K, reserved 1048576K
}
Event: 2.996 GC heap after
{Heap after GC invocations=5 (full 0):
 garbage-first heap   total 524288K, used 23631K [0x0000000600c00000, 0x0000000800000000)
  region size 2048K, 4 young (8192K), 4 survivors (8192K)
 Metaspace       used 33438K, capacity 33963K, committed 34176K, reserved 1079296K
  class space    used 4188K, capacity 4382K, committed 4480K, reserved 1048576K
}
Event: 3.121 GC heap before
{Heap before GC invocations=5 (full 0):
 garbage-first heap   total 524288K, used 27727K [0x0000000600c00000, 0x0000000800000000)
  region size 2048K, 7 young (14336K), 4 survivors (8192K)
 Metaspace       used 34984K, capacity 35467K, committed 35584K, reserved 1081344K
  class space    used 4348K, capacity 4542K, committed 4608K, reserved 1048576K
}
Event: 3.134 GC heap after
{Heap after GC invocations=6 (full 0):
 garbage-first heap   total 524288K, used 24507K [0x0000000600c00000, 0x0000000800000000)
  region size 2048K, 5 young (10240K), 5 survivors (10240K)
 Metaspace       used 34984K, capacity 35467K, committed 35584K, reserved 1081344K
  class space    used 4348K, capacity 4542K, committed 4608K, reserved 1048576K
}
Event: 3.563 GC heap before
{Heap before GC invocations=7 (full 0):
 garbage-first heap   total 524288K, used 44987K [0x0000000600c00000, 0x0000000800000000)
  region size 2048K, 15 young (30720K), 5 survivors (10240K)
 Metaspace       used 38268K, capacity 38756K, committed 39040K, reserved 1083392K
  class space    used 4698K, capacity 4870K, committed 4992K, reserved 1048576K
}
Event: 3.570 GC heap after
{Heap after GC invocations=8 (full 0):
 garbage-first heap   total 524288K, used 25077K [0x0000000600c00000, 0x0000000800000000)
  region size 2048K, 2 young (4096K), 2 survivors (4096K)
 Metaspace       used 38268K, capacity 38756K, committed 39040K, reserved 1083392K
  class space    used 4698K, capacity 4870K, committed 4992K, reserved 1048576K
}
Event: 6.568 GC heap before
{Heap before GC invocations=8 (full 0):
 garbage-first heap   total 524288K, used 150005K [0x0000000600c00000, 0x0000000800000000)
  region size 2048K, 62 young (126976K), 2 survivors (4096K)
 Metaspace       used 57207K, capacity 57888K, committed 58112K, reserved 1099776K
  class space    used 6568K, capacity 6848K, committed 6912K, reserved 1048576K
}

Deoptimization events (20 events):
Event: 6.231 Thread 0x000002b2c5e6b000 Uncommon trap: trap_request=0xffffffde fr.pc=0x000002b2d16c22e4 relative=0x00000000000000a4
Event: 6.231 Thread 0x000002b2c5e6b000 Uncommon trap: reason=class_check action=maybe_recompile pc=0x000002b2d16c22e4 method=org.jetbrains.kotlin.types.checker.ClassicTypeSystemContext$DefaultImpls.asFlexibleType(Lorg/jetbrains/kotlin/types/checker/ClassicTypeSystemContext;Lorg/jetbrains/kotli
Event: 6.231 Thread 0x000002b2c5e6b000 DEOPT PACKING pc=0x000002b2d16c22e4 sp=0x000000dd400fcca0
Event: 6.231 Thread 0x000002b2c5e6b000 DEOPT UNPACKING pc=0x000002b2c99da1af sp=0x000000dd400fcc10 mode 2
Event: 6.303 Thread 0x000002b2c5e6b000 Uncommon trap: trap_request=0xffffffde fr.pc=0x000002b2d1558564 relative=0x0000000000000124
Event: 6.303 Thread 0x000002b2c5e6b000 Uncommon trap: reason=class_check action=maybe_recompile pc=0x000002b2d1558564 method=java.util.ArrayList.hashCodeRange(II)I @ 53 c2
Event: 6.303 Thread 0x000002b2c5e6b000 DEOPT PACKING pc=0x000002b2d1558564 sp=0x000000dd400fc380
Event: 6.303 Thread 0x000002b2c5e6b000 DEOPT UNPACKING pc=0x000002b2c99da1af sp=0x000000dd400fc2f0 mode 2
Event: 6.303 Thread 0x000002b2c5e6b000 Uncommon trap: trap_request=0xffffffde fr.pc=0x000002b2d1558564 relative=0x0000000000000124
Event: 6.303 Thread 0x000002b2c5e6b000 Uncommon trap: reason=class_check action=maybe_recompile pc=0x000002b2d1558564 method=java.util.ArrayList.hashCodeRange(II)I @ 53 c2
Event: 6.303 Thread 0x000002b2c5e6b000 DEOPT PACKING pc=0x000002b2d1558564 sp=0x000000dd400fc380
Event: 6.303 Thread 0x000002b2c5e6b000 DEOPT UNPACKING pc=0x000002b2c99da1af sp=0x000000dd400fc2f0 mode 2
Event: 6.303 Thread 0x000002b2c5e6b000 Uncommon trap: trap_request=0xffffffde fr.pc=0x000002b2d1558564 relative=0x0000000000000124
Event: 6.303 Thread 0x000002b2c5e6b000 Uncommon trap: reason=class_check action=maybe_recompile pc=0x000002b2d1558564 method=java.util.ArrayList.hashCodeRange(II)I @ 53 c2
Event: 6.303 Thread 0x000002b2c5e6b000 DEOPT PACKING pc=0x000002b2d1558564 sp=0x000000dd400fc380
Event: 6.303 Thread 0x000002b2c5e6b000 DEOPT UNPACKING pc=0x000002b2c99da1af sp=0x000000dd400fc2f0 mode 2
Event: 6.303 Thread 0x000002b2c5e6b000 Uncommon trap: trap_request=0xffffffde fr.pc=0x000002b2d1558564 relative=0x0000000000000124
Event: 6.303 Thread 0x000002b2c5e6b000 Uncommon trap: reason=class_check action=maybe_recompile pc=0x000002b2d1558564 method=java.util.ArrayList.hashCodeRange(II)I @ 53 c2
Event: 6.303 Thread 0x000002b2c5e6b000 DEOPT PACKING pc=0x000002b2d1558564 sp=0x000000dd400fc380
Event: 6.303 Thread 0x000002b2c5e6b000 DEOPT UNPACKING pc=0x000002b2c99da1af sp=0x000000dd400fc2f0 mode 2

Classes redefined (0 events):
No events

Internal exceptions (20 events):
Event: 1.672 Thread 0x000002b2c5e6b000 Exception <a 'java/lang/NoSuchMethodError'{0x00000006206847a0}: 'int java.lang.invoke.DirectMethodHandle$Holder.invokeStaticInit(java.lang.Object, java.lang.Object)'> (0x00000006206847a0) thrown at [./src/hotspot/share/interpreter/linkResolver.cpp, line 773]
Event: 1.725 Thread 0x000002b2c5e6b000 Exception <a 'java/lang/NoSuchMethodError'{0x000000061fc97040}: 'void java.lang.invoke.DirectMethodHandle$Holder.invokeSpecial(java.lang.Object, java.lang.Object)'> (0x000000061fc97040) thrown at [./src/hotspot/share/interpreter/linkResolver.cpp, line 773]
Event: 1.915 Thread 0x000002b2c5e6b000 Exception <a 'java/lang/NoSuchMethodError'{0x000000061f5422e8}: 'java.lang.Object java.lang.invoke.DirectMethodHandle$Holder.invokeStatic(java.lang.Object, java.lang.Object, java.lang.Object, java.lang.Object, java.lang.Object, java.lang.Object, java.lang.Object, java.lang.Object, java.lang.Object, java.lang.Object, java.lang.Object, java.lang.Object, java.lang.Object, java.lang.Object, java.lang.Object)'> (0x000000061f5422e8) thrown at [./src/hotspot/share/interpreter/linkResolver.cpp, line 773]
Event: 1.916 Thread 0x000002b2c5e6b000 Exception <a 'java/lang/NoSuchMethodError'{0x000000061f5502f0}: 'java.lang.Object java.lang.invoke.DirectMethodHandle$Holder.invokeStatic(java.lang.Object, java.lang.Object, java.lang.Object, java.lang.Object, java.lang.Object, java.lang.Object, java.lang.Object, java.lang.Object, java.lang.Object, java.lang.Object, java.lang.Object, java.lang.Object, java.lang.Object, java.lang.Object, java.lang.Object, java.lang.Object)'> (0x000000061f5502f0) thrown at [./src/hotspot/share/interpreter/linkResolver.cpp, l
Event: 1.919 Thread 0x000002b2c5e6b000 Exception <a 'java/lang/NoSuchMethodError'{0x000000061f55e208}: 'java.lang.Object java.lang.invoke.DirectMethodHandle$Holder.invokeSpecial(java.lang.Object, java.lang.Object, int, int, java.lang.Object, java.lang.Object, java.lang.Object)'> (0x000000061f55e208) thrown at [./src/hotspot/share/interpreter/linkResolver.cpp, line 773]
Event: 1.919 Thread 0x000002b2c5e6b000 Exception <a 'java/lang/NoSuchMethodError'{0x000000061f561a40}: 'java.lang.Object java.lang.invoke.DelegatingMethodHandle$Holder.reinvoke_L(java.lang.Object, int, int, java.lang.Object, java.lang.Object, java.lang.Object)'> (0x000000061f561a40) thrown at [./src/hotspot/share/interpreter/linkResolver.cpp, line 773]
Event: 1.920 Thread 0x000002b2c5e6b000 Exception <a 'java/lang/NoSuchMethodError'{0x000000061f565dc8}: 'java.lang.Object java.lang.invoke.DirectMethodHandle$Holder.invokeStatic(java.lang.Object, java.lang.Object, java.lang.Object, java.lang.Object, int)'> (0x000000061f565dc8) thrown at [./src/hotspot/share/interpreter/linkResolver.cpp, line 773]
Event: 1.961 Thread 0x000002b2c5e6b000 Exception <a 'java/lang/NoSuchMethodError'{0x000000061f28c1d8}: 'void java.lang.invoke.DirectMethodHandle$Holder.invokeStatic(java.lang.Object, java.lang.Object, java.lang.Object, java.lang.Object)'> (0x000000061f28c1d8) thrown at [./src/hotspot/share/interpreter/linkResolver.cpp, line 773]
Event: 2.034 Thread 0x000002b2c5e6b000 Exception <a 'java/lang/NoSuchMethodError'{0x000000061ee755b0}: 'void java.lang.invoke.DirectMethodHandle$Holder.invokeStaticInit(java.lang.Object, java.lang.Object)'> (0x000000061ee755b0) thrown at [./src/hotspot/share/interpreter/linkResolver.cpp, line 773]
Event: 2.187 Thread 0x000002b2c5e6b000 Exception <a 'java/lang/NoSuchMethodError'{0x000000061e65b860}: 'void java.lang.invoke.DirectMethodHandle$Holder.invokeVirtual(java.lang.Object, java.lang.Object)'> (0x000000061e65b860) thrown at [./src/hotspot/share/interpreter/linkResolver.cpp, line 773]
Event: 2.195 Thread 0x000002b2c5e6b000 Exception <a 'java/lang/NoSuchMethodError'{0x000000061e6b0a40}: 'int java.lang.invoke.DirectMethodHandle$Holder.invokeVirtual(java.lang.Object, java.lang.Object)'> (0x000000061e6b0a40) thrown at [./src/hotspot/share/interpreter/linkResolver.cpp, line 773]
Event: 3.328 Thread 0x000002b2c5e6b000 Exception <a 'java/lang/NoSuchMethodError'{0x000000061fbc7388}: 'java.lang.Object java.lang.invoke.DirectMethodHandle$Holder.invokeVirtual(java.lang.Object, java.lang.Object, java.lang.Object)'> (0x000000061fbc7388) thrown at [./src/hotspot/share/interpreter/linkResolver.cpp, line 773]
Event: 4.124 Thread 0x000002b2c5e6b000 Exception <a 'java/lang/NoSuchMethodError'{0x000000061e8a8100}: 'java.lang.Object java.lang.invoke.Invokers$Holder.linkToTargetMethod(java.lang.Object, int, java.lang.Object)'> (0x000000061e8a8100) thrown at [./src/hotspot/share/interpreter/linkResolver.cpp, line 773]
Event: 4.163 Thread 0x000002b2c5e6b000 Implicit null exception at 0x000002b2d15cefcc to 0x000002b2d15cf0b4
Event: 4.236 Thread 0x000002b2c5e6b000 Exception <a 'java/lang/NoSuchMethodError'{0x000000061e6a3c50}: 'java.lang.Object java.lang.invoke.DirectMethodHandle$Holder.invokeStatic(java.lang.Object, java.lang.Object, java.lang.Object, int)'> (0x000000061e6a3c50) thrown at [./src/hotspot/share/interpreter/linkResolver.cpp, line 773]
Event: 4.237 Thread 0x000002b2c5e6b000 Exception <a 'java/lang/NoSuchMethodError'{0x000000061e6a78c0}: 'java.lang.Object java.lang.invoke.DirectMethodHandle$Holder.invokeSpecial(java.lang.Object, java.lang.Object, java.lang.Object, java.lang.Object, int)'> (0x000000061e6a78c0) thrown at [./src/hotspot/share/interpreter/linkResolver.cpp, line 773]
Event: 4.237 Thread 0x000002b2c5e6b000 Exception <a 'java/lang/NoSuchMethodError'{0x000000061e6aabd0}: 'java.lang.Object java.lang.invoke.Invokers$Holder.linkToTargetMethod(java.lang.Object, java.lang.Object, int, java.lang.Object)'> (0x000000061e6aabd0) thrown at [./src/hotspot/share/interpreter/linkResolver.cpp, line 773]
Event: 5.653 Thread 0x000002b2c5e6b000 Exception <a 'java/lang/NoSuchMethodError'{0x000000061a47f4f8}: 'java.lang.Object java.lang.invoke.DirectMethodHandle$Holder.invokeSpecial(java.lang.Object, java.lang.Object, java.lang.Object, java.lang.Object, java.lang.Object, int)'> (0x000000061a47f4f8) thrown at [./src/hotspot/share/interpreter/linkResolver.cpp, line 773]
Event: 5.653 Thread 0x000002b2c5e6b000 Exception <a 'java/lang/NoSuchMethodError'{0x000000061a483098}: 'java.lang.Object java.lang.invoke.Invokers$Holder.linkToTargetMethod(java.lang.Object, java.lang.Object, java.lang.Object, int, java.lang.Object)'> (0x000000061a483098) thrown at [./src/hotspot/share/interpreter/linkResolver.cpp, line 773]
Event: 5.758 Thread 0x000002b2c5e6b000 Exception <a 'java/lang/NoSuchMethodError'{0x000000061a0fc5c0}: 'java.lang.Object java.lang.invoke.DirectMethodHandle$Holder.invokeStaticInit(java.lang.Object, java.lang.Object, java.lang.Object)'> (0x000000061a0fc5c0) thrown at [./src/hotspot/share/interpreter/linkResolver.cpp, line 773]

Events (20 events):
Event: 6.239 loading class org/jetbrains/kotlin/types/checker/NewCapturedTypeConstructor$_supertypes$2 done
Event: 6.240 loading class org/jetbrains/kotlin/types/checker/NewCapturedTypeConstructor$initializeSupertypes$2
Event: 6.240 loading class org/jetbrains/kotlin/types/checker/NewCapturedTypeConstructor$initializeSupertypes$2 done
Event: 6.294 loading class org/jetbrains/kotlin/load/java/structure/JavaTypesKt
Event: 6.294 loading class org/jetbrains/kotlin/load/java/structure/JavaTypesKt done
Event: 6.298 loading class org/jetbrains/kotlin/types/checker/ClassicTypeSystemContext$substitutionSupertypePolicy$2
Event: 6.298 loading class org/jetbrains/kotlin/types/checker/ClassicTypeSystemContext$substitutionSupertypePolicy$2 done
Event: 6.298 loading class org/jetbrains/kotlin/types/TypeCheckerState$SupertypesPolicy$DoCustomTransform
Event: 6.298 loading class org/jetbrains/kotlin/types/TypeCheckerState$SupertypesPolicy$DoCustomTransform done
Event: 6.298 loading class org/jetbrains/kotlin/types/TypeCheckerState$SupertypesPolicy$None
Event: 6.298 loading class org/jetbrains/kotlin/types/TypeCheckerState$SupertypesPolicy$None done
Event: 6.322 Executing VM operation: ICBufferFull
Event: 6.322 Executing VM operation: ICBufferFull done
Event: 6.460 Executing VM operation: ICBufferFull
Event: 6.460 Executing VM operation: ICBufferFull done
Event: 6.476 loading class org/jetbrains/kotlin/descriptors/impl/FunctionDescriptorImpl$1
Event: 6.476 loading class org/jetbrains/kotlin/descriptors/impl/FunctionDescriptorImpl$1 done
Event: 6.564 Executing VM operation: ICBufferFull
Event: 6.564 Executing VM operation: ICBufferFull done
Event: 6.568 Executing VM operation: G1CollectForAllocation


Dynamic libraries:
0x00007ff6604c0000 - 0x00007ff6604ca000 	D:\Android Studio Arctic Fox\jre\bin\java.exe
0x00007ff875450000 - 0x00007ff875648000 	C:\Windows\SYSTEM32\ntdll.dll
0x00007ff8748b0000 - 0x00007ff87496f000 	C:\Windows\System32\KERNEL32.DLL
0x00007ff872e40000 - 0x00007ff873112000 	C:\Windows\System32\KERNELBASE.dll
0x00007ff872b50000 - 0x00007ff872c50000 	C:\Windows\System32\ucrtbase.dll
0x00007ff847d10000 - 0x00007ff847d29000 	D:\Android Studio Arctic Fox\jre\bin\jli.dll
0x00007ff84e7e0000 - 0x00007ff84e7f7000 	D:\Android Studio Arctic Fox\jre\bin\VCRUNTIME140.dll
0x00007ff875260000 - 0x00007ff875401000 	C:\Windows\System32\USER32.dll
0x00007ff873190000 - 0x00007ff8731b2000 	C:\Windows\System32\win32u.dll
0x00007ff8743d0000 - 0x00007ff8743fb000 	C:\Windows\System32\GDI32.dll
0x00007ff85d300000 - 0x00007ff85d59a000 	C:\Windows\WinSxS\amd64_microsoft.windows.common-controls_6595b64144ccf1df_6.0.19041.1110_none_60b5254171f9507e\COMCTL32.dll
0x00007ff873290000 - 0x00007ff87339f000 	C:\Windows\System32\gdi32full.dll
0x00007ff873e70000 - 0x00007ff873f0e000 	C:\Windows\System32\msvcrt.dll
0x00007ff8731c0000 - 0x00007ff87325d000 	C:\Windows\System32\msvcp_win.dll
0x00007ff874270000 - 0x00007ff8742a0000 	C:\Windows\System32\IMM32.DLL
0x00007ff8170f0000 - 0x00007ff81718d000 	D:\Android Studio Arctic Fox\jre\bin\msvcp140.dll
0x00007ff80ae20000 - 0x00007ff80b922000 	D:\Android Studio Arctic Fox\jre\bin\server\jvm.dll
0x00007ff874b20000 - 0x00007ff874bce000 	C:\Windows\System32\ADVAPI32.dll
0x00007ff874ca0000 - 0x00007ff874d3c000 	C:\Windows\System32\sechost.dll
0x00007ff874130000 - 0x00007ff874254000 	C:\Windows\System32\RPCRT4.dll
0x00007ff874260000 - 0x00007ff874268000 	C:\Windows\System32\PSAPI.DLL
0x00007ff8556d0000 - 0x00007ff8556d9000 	C:\Windows\SYSTEM32\WSOCK32.dll
0x00007ff86dc60000 - 0x00007ff86dc6a000 	C:\Windows\SYSTEM32\VERSION.dll
0x00007ff874400000 - 0x00007ff87446b000 	C:\Windows\System32\WS2_32.dll
0x00007ff866640000 - 0x00007ff866667000 	C:\Windows\SYSTEM32\WINMM.dll
0x00007ff870a30000 - 0x00007ff870a42000 	C:\Windows\SYSTEM32\kernel.appcore.dll
0x00007ff86df50000 - 0x00007ff86df61000 	D:\Android Studio Arctic Fox\jre\bin\verify.dll
0x00007ff86d2c0000 - 0x00007ff86d4a4000 	C:\Windows\SYSTEM32\DBGHELP.DLL
0x00007ff86d160000 - 0x00007ff86d195000 	C:\Windows\SYSTEM32\dbgcore.DLL
0x00007ff872c50000 - 0x00007ff872cd2000 	C:\Windows\System32\bcryptPrimitives.dll
0x00007ff86df00000 - 0x00007ff86df29000 	D:\Android Studio Arctic Fox\jre\bin\java.dll
0x00007ff86dfb0000 - 0x00007ff86dfbb000 	D:\Android Studio Arctic Fox\jre\bin\jimage.dll
0x00007ff86de90000 - 0x00007ff86dea8000 	D:\Android Studio Arctic Fox\jre\bin\zip.dll
0x00007ff873720000 - 0x00007ff873e65000 	C:\Windows\System32\SHELL32.dll
0x00007ff870c30000 - 0x00007ff8713c2000 	C:\Windows\SYSTEM32\windows.storage.dll
0x00007ff874470000 - 0x00007ff8747c5000 	C:\Windows\System32\combase.dll
0x00007ff8725b0000 - 0x00007ff8725e0000 	C:\Windows\SYSTEM32\Wldp.dll
0x00007ff873610000 - 0x00007ff8736bd000 	C:\Windows\System32\SHCORE.dll
0x00007ff8736c0000 - 0x00007ff873715000 	C:\Windows\System32\shlwapi.dll
0x00007ff872a90000 - 0x00007ff872aaf000 	C:\Windows\SYSTEM32\profapi.dll
0x00007ff86de70000 - 0x00007ff86de8a000 	D:\Android Studio Arctic Fox\jre\bin\net.dll
0x00007ff86d050000 - 0x00007ff86d15a000 	C:\Windows\SYSTEM32\WINHTTP.dll
0x00007ff872310000 - 0x00007ff87237a000 	C:\Windows\system32\mswsock.dll
0x00007ff86ca00000 - 0x00007ff86ca14000 	D:\Android Studio Arctic Fox\jre\bin\nio.dll

dbghelp: loaded successfully - version: 4.0.5 - missing functions: none
symbol engine: initialized successfully - sym options: 0x614 - pdb path: .;D:\Android Studio Arctic Fox\jre\bin;C:\Windows\SYSTEM32;C:\Windows\WinSxS\amd64_microsoft.windows.common-controls_6595b64144ccf1df_6.0.19041.1110_none_60b5254171f9507e;D:\Android Studio Arctic Fox\jre\bin\server

VM Arguments:
java_command: org.jetbrains.kotlin.cli.jvm.K2JVMCompiler @D:\Projects\AndroidStudioProjects\SlideShow\app\build\20230410_11601576668959673132.compiler.options
java_class_path (initial): C:\Users\dankr\.gradle\caches\modules-2\files-2.1\org.jetbrains.kotlin\kotlin-compiler-embeddable\1.8.0\eb9118d4bcceaa2a94b2ae2a33a4ddba7c9a947f\kotlin-compiler-embeddable-1.8.0.jar;C:\Users\dankr\.gradle\caches\modules-2\files-2.1\org.jetbrains.kotlin\kotlin-stdlib\1.8.0\1796921c7a3e2e2665a83e6c8d33399336cd39bc\kotlin-stdlib-1.8.0.jar;C:\Users\dankr\.gradle\caches\modules-2\files-2.1\org.jetbrains.kotlin\kotlin-script-runtime\1.8.0\b2f7e760d283cb339974851c222a4c1d48f2d3d\kotlin-script-runtime-1.8.0.jar;C:\Users\dankr\.gradle\caches\modules-2\files-2.1\org.jetbrains.kotlin\kotlin-reflect\1.6.10\1cbe9c92c12a94eea200d23c2bbaedaf3daf5132\kotlin-reflect-1.6.10.jar;C:\Users\dankr\.gradle\caches\modules-2\files-2.1\org.jetbrains.kotlin\kotlin-daemon-embeddable\1.8.0\d255216c551685dc3a7e852b53617f5f01aaaa5c\kotlin-daemon-embeddable-1.8.0.jar;C:\Users\dankr\.gradle\caches\modules-2\files-2.1\org.jetbrains.intellij.deps\trove4j\1.0.20200330\3afb14d5f9ceb459d724e907a21145e8ff394f02\trove4j-1.0.20200330.jar;C:\Users\dankr\.gradle\caches\modules-2\files-2.1\net.java.dev.jna\jna\5.6.0\330f2244e9030119ab3030fc3fededc86713d9cc\jna-5.6.0.jar;C:\Users\dankr\.gradle\caches\modules-2\files-2.1\org.jetbrains.kotlin\kotlin-stdlib-common\1.8.0\f7197e7cc76453ac59f8b0f8d5137cc600becd36\kotlin-stdlib-common-1.8.0.jar;C:\Users\dankr\.gradle\caches\modules-2\files-2.1\org.jetbrains\annotations\13.0\919f0dfe192fb4e063e7dacadee7f8bb9a2672a9\annotations-13.0.jar
Launcher Type: SUN_STANDARD

[Global flags]
     intx CICompilerCount                          = 4                                         {product} {ergonomic}
     uint ConcGCThreads                            = 2                                         {product} {ergonomic}
     uint G1ConcRefinementThreads                  = 8                                         {product} {ergonomic}
   size_t G1HeapRegionSize                         = 2097152                                   {product} {ergonomic}
    uintx GCDrainStackTargetSize                   = 64                                        {product} {ergonomic}
   size_t InitialHeapSize                          = 536870912                                 {product} {ergonomic}
   size_t MarkStackSize                            = 4194304                                   {product} {ergonomic}
   size_t MaxHeapSize                              = 8577351680                                {product} {ergonomic}
   size_t MaxNewSize                               = 5146411008                                {product} {ergonomic}
   size_t MinHeapDeltaBytes                        = 2097152                                   {product} {ergonomic}
    uintx NonNMethodCodeHeapSize                   = 5836300                                {pd product} {ergonomic}
    uintx NonProfiledCodeHeapSize                  = 122910970                              {pd product} {ergonomic}
    uintx ProfiledCodeHeapSize                     = 122910970                              {pd product} {ergonomic}
    uintx ReservedCodeCacheSize                    = 251658240                              {pd product} {ergonomic}
     bool SegmentedCodeCache                       = true                                      {product} {ergonomic}
     bool UseCompressedClassPointers               = true                                 {lp64_product} {ergonomic}
     bool UseCompressedOops                        = true                                 {lp64_product} {ergonomic}
     bool UseG1GC                                  = true                                      {product} {ergonomic}
     bool UseLargePagesIndividualAllocation        = false                                  {pd product} {ergonomic}

Logging:
Log output configuration:
 #0: stdout all=warning uptime,level,tags
 #1: stderr all=off uptime,level,tags

Environment Variables:
PATH=C:\Program Files (x86)\Razer Chroma SDK\bin;C:\Program Files\Razer Chroma SDK\bin;C:\Program Files (x86)\Razer\ChromaBroadcast\bin;C:\Program Files\Razer\ChromaBroadcast\bin;C:\Windows\system32;C:\Windows;C:\Windows\System32\Wbem;C:\Windows\System32\WindowsPowerShell\v1.0\;C:\Windows\System32\OpenSSH\;C:\Program Files\Git\cmd;C:\Program Files (x86)\NVIDIA Corporation\PhysX\Common;C:\Program Files\NVIDIA Corporation\NVIDIA NvDLISR;C:\Program Files\nodejs\;C:\Program Files\Microsoft SQL Server\120\Tools\Binn\;C:\Users\dankr\AppData\Local\Microsoft\WindowsApps;C:\Users\dankr\AppData\Roaming\npm;C:\Program Files\Common Files\Autodesk Shared\;C:\Users\dankr\AppData\Local\Microsoft\WindowsApps;C:\Users\dankr\AppData\Roaming\npm
USERNAME=dankr
OS=Windows_NT
PROCESSOR_IDENTIFIER=AMD64 Family 23 Model 24 Stepping 1, AuthenticAMD



---------------  S Y S T E M  ---------------

OS: Windows 10 , 64 bit Build 19041 (10.0.19041.2546)
OS uptime: 7 days 7:23 hours

CPU:total 8 (initial active 8) (8 cores per cpu, 2 threads per core) family 23 model 24 stepping 1 microcode 0x0, cmov, cx8, fxsr, mmx, sse, sse2, sse3, ssse3, sse4.1, sse4.2, popcnt, avx, avx2, aes, clmul, mmxext, 3dnowpref, lzcnt, sse4a, ht, tsc, tscinvbit, tscinv, bmi1, bmi2, adx, sha, fma

Memory: 4k page, system-wide physical 32714M (2237M free)
TotalPageFile size 51868M (AvailPageFile size 1147M)
current process WorkingSet (physical memory assigned to process): 327M, peak: 327M
current process commit charge ("private bytes"): 715M, peak: 818M

vm_info: OpenJDK 64-Bit Server VM (11.0.13+0-b1751.21-8125866) for windows-amd64 JRE (11.0.13+0-b1751.21-8125866), built on Feb  2 2022 03:00:22 by "builder" with MS VC++ 14.0 (VS2015)

END.
